2019-09-14 02:11:21---INFO ---App:20---App started
2019-09-14 02:11:21---INFO ---App:21---Service providing stated
2019-09-14 02:11:21---INFO ---ConsoleMessage:16---Do not close the terminal. service is running...
2019-09-14 02:11:26---INFO ---ConsoleMessage:16---Do not close the terminal. service is running...
2019-09-14 02:11:31---INFO ---ConsoleMessage:16---Do not close the terminal. service is running...
2019-09-14 02:11:36---INFO ---ConsoleMessage:16---Do not close the terminal. service is running...
2019-09-14 02:11:41---INFO ---ConsoleMessage:16---Do not close the terminal. service is running...
2019-09-14 02:13:51  INFO   App:20  App started
2019-09-14 02:13:51  INFO   App:21  Service providing stated
2019-09-14 02:13:51  INFO   ConsoleMessage:16  service is running. DO NOT CLOSE THE TERMINAL
2019-09-14 02:13:56  INFO   ConsoleMessage:16  service is running. DO NOT CLOSE THE TERMINAL
2019-09-14 02:14:01  INFO   ConsoleMessage:16  service is running. DO NOT CLOSE THE TERMINAL
2019-09-14 02:14:06  INFO   ConsoleMessage:16  service is running. DO NOT CLOSE THE TERMINAL
2019-09-14 02:14:11  INFO   ConsoleMessage:16  service is running. DO NOT CLOSE THE TERMINAL
2019-09-14 02:14:16  INFO   ConsoleMessage:16  service is running. DO NOT CLOSE THE TERMINAL
2019-09-14 02:14:21  INFO   ConsoleMessage:16  service is running. DO NOT CLOSE THE TERMINAL
2019-09-14 02:14:26  INFO   ConsoleMessage:16  service is running. DO NOT CLOSE THE TERMINAL
2019-09-14 02:14:31  INFO   ConsoleMessage:16  service is running. DO NOT CLOSE THE TERMINAL
2019-09-14 02:14:36  INFO   ConsoleMessage:16  service is running. DO NOT CLOSE THE TERMINAL
2019-09-14 02:14:41  INFO   ConsoleMessage:16  service is running. DO NOT CLOSE THE TERMINAL
2019-09-14 02:14:46  INFO   ConsoleMessage:16  service is running. DO NOT CLOSE THE TERMINAL
2019-09-14 02:14:51  INFO   ConsoleMessage:16  service is running. DO NOT CLOSE THE TERMINAL
2019-09-14 02:14:56  INFO   ConsoleMessage:16  service is running. DO NOT CLOSE THE TERMINAL
2019-09-14 02:15:01  INFO   ConsoleMessage:16  service is running. DO NOT CLOSE THE TERMINAL
2019-09-14 02:15:06  INFO   ConsoleMessage:16  service is running. DO NOT CLOSE THE TERMINAL
2019-09-14 02:15:11  INFO   ConsoleMessage:16  service is running. DO NOT CLOSE THE TERMINAL
2019-09-14 02:15:16  INFO   ConsoleMessage:16  service is running. DO NOT CLOSE THE TERMINAL
2019-09-14 02:15:21  INFO   ConsoleMessage:16  service is running. DO NOT CLOSE THE TERMINAL
2019-09-14 02:15:26  INFO   ConsoleMessage:16  service is running. DO NOT CLOSE THE TERMINAL
2019-09-14 02:15:31  INFO   ConsoleMessage:16  service is running. DO NOT CLOSE THE TERMINAL
2019-09-14 02:15:36  INFO   ConsoleMessage:16  service is running. DO NOT CLOSE THE TERMINAL
2019-09-14 02:15:41  INFO   ConsoleMessage:16  service is running. DO NOT CLOSE THE TERMINAL
2019-09-14 02:15:46  INFO   ConsoleMessage:16  service is running. DO NOT CLOSE THE TERMINAL
2019-09-14 02:15:51  INFO   ConsoleMessage:16  service is running. DO NOT CLOSE THE TERMINAL
2019-09-14 02:15:56  INFO   ConsoleMessage:16  service is running. DO NOT CLOSE THE TERMINAL
2019-09-14 02:16:01  INFO   ConsoleMessage:16  service is running. DO NOT CLOSE THE TERMINAL
2019-09-14 02:16:06  INFO   ConsoleMessage:16  service is running. DO NOT CLOSE THE TERMINAL
2019-09-14 02:16:11  INFO   ConsoleMessage:16  service is running. DO NOT CLOSE THE TERMINAL
2019-09-14 02:16:16  INFO   ConsoleMessage:16  service is running. DO NOT CLOSE THE TERMINAL
2019-09-14 02:16:21  INFO   ConsoleMessage:16  service is running. DO NOT CLOSE THE TERMINAL
2019-09-14 02:16:26  INFO   ConsoleMessage:16  service is running. DO NOT CLOSE THE TERMINAL
2019-09-14 02:16:31  INFO   ConsoleMessage:16  service is running. DO NOT CLOSE THE TERMINAL
2019-09-14 02:16:36  INFO   ConsoleMessage:16  service is running. DO NOT CLOSE THE TERMINAL
2019-09-14 02:16:41  INFO   ConsoleMessage:16  service is running. DO NOT CLOSE THE TERMINAL
2019-09-14 02:16:46  INFO   ConsoleMessage:16  service is running. DO NOT CLOSE THE TERMINAL
2019-09-14 02:16:52  INFO   ConsoleMessage:16  service is running. DO NOT CLOSE THE TERMINAL
2019-09-14 02:16:57  INFO   ConsoleMessage:16  service is running. DO NOT CLOSE THE TERMINAL
2019-09-14 02:17:02  INFO   ConsoleMessage:16  service is running. DO NOT CLOSE THE TERMINAL
2019-09-14 02:17:07  INFO   ConsoleMessage:16  service is running. DO NOT CLOSE THE TERMINAL
2019-09-14 02:17:12  INFO   ConsoleMessage:16  service is running. DO NOT CLOSE THE TERMINAL
2019-09-14 02:17:17  INFO   ConsoleMessage:16  service is running. DO NOT CLOSE THE TERMINAL
2019-09-14 02:17:22  INFO   ConsoleMessage:16  service is running. DO NOT CLOSE THE TERMINAL
2019-09-14 02:17:27  INFO   ConsoleMessage:16  service is running. DO NOT CLOSE THE TERMINAL
2019-09-14 02:17:32  INFO   ConsoleMessage:16  service is running. DO NOT CLOSE THE TERMINAL
2019-09-14 02:17:37  INFO   ConsoleMessage:16  service is running. DO NOT CLOSE THE TERMINAL
2019-09-14 02:17:42  INFO   ConsoleMessage:16  service is running. DO NOT CLOSE THE TERMINAL
2019-09-14 02:17:47  INFO   ConsoleMessage:16  service is running. DO NOT CLOSE THE TERMINAL
2019-09-14 02:17:52  INFO   ConsoleMessage:16  service is running. DO NOT CLOSE THE TERMINAL
2019-09-14 02:17:57  INFO   ConsoleMessage:16  service is running. DO NOT CLOSE THE TERMINAL
2019-09-14 02:18:02  INFO   ConsoleMessage:16  service is running. DO NOT CLOSE THE TERMINAL
2019-09-14 02:18:07  INFO   ConsoleMessage:16  service is running. DO NOT CLOSE THE TERMINAL
2019-09-14 02:18:12  INFO   ConsoleMessage:16  service is running. DO NOT CLOSE THE TERMINAL
2019-09-14 02:18:17  INFO   ConsoleMessage:16  service is running. DO NOT CLOSE THE TERMINAL
2019-09-14 02:18:22  INFO   ConsoleMessage:16  service is running. DO NOT CLOSE THE TERMINAL
2019-09-14 02:18:27  INFO   ConsoleMessage:16  service is running. DO NOT CLOSE THE TERMINAL
2019-09-14 02:18:32  INFO   ConsoleMessage:16  service is running. DO NOT CLOSE THE TERMINAL
2019-09-14 02:18:37  INFO   ConsoleMessage:16  service is running. DO NOT CLOSE THE TERMINAL
2019-09-14 02:18:42  INFO   ConsoleMessage:16  service is running. DO NOT CLOSE THE TERMINAL
2019-09-14 02:18:47  INFO   ConsoleMessage:16  service is running. DO NOT CLOSE THE TERMINAL
2019-09-14 02:18:52  INFO   ConsoleMessage:16  service is running. DO NOT CLOSE THE TERMINAL
2019-09-14 02:18:57  INFO   ConsoleMessage:16  service is running. DO NOT CLOSE THE TERMINAL
2019-09-14 02:19:02  INFO   ConsoleMessage:16  service is running. DO NOT CLOSE THE TERMINAL
2019-09-14 02:19:07  INFO   ConsoleMessage:16  service is running. DO NOT CLOSE THE TERMINAL
2019-09-14 02:19:12  INFO   ConsoleMessage:16  service is running. DO NOT CLOSE THE TERMINAL
2019-09-14 02:19:17  INFO   ConsoleMessage:16  service is running. DO NOT CLOSE THE TERMINAL
2019-09-14 02:19:22  INFO   ConsoleMessage:16  service is running. DO NOT CLOSE THE TERMINAL
2019-09-14 02:19:27  INFO   ConsoleMessage:16  service is running. DO NOT CLOSE THE TERMINAL
2019-09-14 02:19:32  INFO   ConsoleMessage:16  service is running. DO NOT CLOSE THE TERMINAL
2019-09-14 02:19:37  INFO   ConsoleMessage:16  service is running. DO NOT CLOSE THE TERMINAL
2019-09-14 02:19:42  INFO   ConsoleMessage:16  service is running. DO NOT CLOSE THE TERMINAL
2019-09-14 02:19:47  INFO   ConsoleMessage:16  service is running. DO NOT CLOSE THE TERMINAL
2019-09-14 02:19:52  INFO   ConsoleMessage:16  service is running. DO NOT CLOSE THE TERMINAL
2019-09-14 02:19:57  INFO   ConsoleMessage:16  service is running. DO NOT CLOSE THE TERMINAL
2019-09-14 02:20:02  INFO   ConsoleMessage:16  service is running. DO NOT CLOSE THE TERMINAL
2019-09-14 02:20:07  INFO   ConsoleMessage:16  service is running. DO NOT CLOSE THE TERMINAL
2019-09-14 02:20:12  INFO   ConsoleMessage:16  service is running. DO NOT CLOSE THE TERMINAL
2019-09-14 02:20:17  INFO   ConsoleMessage:16  service is running. DO NOT CLOSE THE TERMINAL
2019-09-14 02:20:22  INFO   ConsoleMessage:16  service is running. DO NOT CLOSE THE TERMINAL
2019-09-14 02:20:27  INFO   ConsoleMessage:16  service is running. DO NOT CLOSE THE TERMINAL
2019-09-14 02:20:32  INFO   ConsoleMessage:16  service is running. DO NOT CLOSE THE TERMINAL
2019-09-14 02:20:37  INFO   ConsoleMessage:16  service is running. DO NOT CLOSE THE TERMINAL
2019-09-14 02:20:42  INFO   ConsoleMessage:16  service is running. DO NOT CLOSE THE TERMINAL
2019-09-14 02:20:47  INFO   ConsoleMessage:16  service is running. DO NOT CLOSE THE TERMINAL
2019-09-14 02:20:52  INFO   ConsoleMessage:16  service is running. DO NOT CLOSE THE TERMINAL
2019-09-14 02:20:57  INFO   ConsoleMessage:16  service is running. DO NOT CLOSE THE TERMINAL
2019-09-14 02:21:02  INFO   ConsoleMessage:16  service is running. DO NOT CLOSE THE TERMINAL
2019-09-14 02:21:07  INFO   ConsoleMessage:16  service is running. DO NOT CLOSE THE TERMINAL
2019-09-14 02:21:12  INFO   ConsoleMessage:16  service is running. DO NOT CLOSE THE TERMINAL
2019-09-14 02:21:17  INFO   ConsoleMessage:16  service is running. DO NOT CLOSE THE TERMINAL
2019-09-14 02:21:22  INFO   ConsoleMessage:16  service is running. DO NOT CLOSE THE TERMINAL
2019-09-14 02:21:27  INFO   ConsoleMessage:16  service is running. DO NOT CLOSE THE TERMINAL
2019-09-14 02:21:32  INFO   ConsoleMessage:16  service is running. DO NOT CLOSE THE TERMINAL
2019-09-14 02:21:37  INFO   ConsoleMessage:16  service is running. DO NOT CLOSE THE TERMINAL
2019-09-14 02:21:42  INFO   ConsoleMessage:16  service is running. DO NOT CLOSE THE TERMINAL
2019-09-14 02:21:47  INFO   ConsoleMessage:16  service is running. DO NOT CLOSE THE TERMINAL
2019-09-14 02:21:52  INFO   ConsoleMessage:16  service is running. DO NOT CLOSE THE TERMINAL
2019-09-14 02:21:57  INFO   ConsoleMessage:16  service is running. DO NOT CLOSE THE TERMINAL
2019-09-14 02:22:02  INFO   ConsoleMessage:16  service is running. DO NOT CLOSE THE TERMINAL
2019-09-14 02:22:07  INFO   ConsoleMessage:16  service is running. DO NOT CLOSE THE TERMINAL
2019-09-14 02:22:12  INFO   ConsoleMessage:16  service is running. DO NOT CLOSE THE TERMINAL
2019-09-14 02:22:17  INFO   ConsoleMessage:16  service is running. DO NOT CLOSE THE TERMINAL
2019-09-14 02:22:22  INFO   ConsoleMessage:16  service is running. DO NOT CLOSE THE TERMINAL
2019-09-14 02:22:27  INFO   ConsoleMessage:16  service is running. DO NOT CLOSE THE TERMINAL
2019-09-14 02:22:32  INFO   ConsoleMessage:16  service is running. DO NOT CLOSE THE TERMINAL
2019-09-14 02:22:37  INFO   ConsoleMessage:16  service is running. DO NOT CLOSE THE TERMINAL
2019-09-14 02:22:42  INFO   ConsoleMessage:16  service is running. DO NOT CLOSE THE TERMINAL
2019-09-14 02:22:47  INFO   ConsoleMessage:16  service is running. DO NOT CLOSE THE TERMINAL
2019-09-14 02:22:52  INFO   ConsoleMessage:16  service is running. DO NOT CLOSE THE TERMINAL
2019-09-14 02:22:57  INFO   ConsoleMessage:16  service is running. DO NOT CLOSE THE TERMINAL
2019-09-14 02:23:02  INFO   ConsoleMessage:16  service is running. DO NOT CLOSE THE TERMINAL
2019-09-14 02:23:07  INFO   ConsoleMessage:16  service is running. DO NOT CLOSE THE TERMINAL
2019-09-14 02:23:12  INFO   ConsoleMessage:16  service is running. DO NOT CLOSE THE TERMINAL
2019-09-14 02:23:17  INFO   ConsoleMessage:16  service is running. DO NOT CLOSE THE TERMINAL
2019-09-14 02:23:22  INFO   ConsoleMessage:16  service is running. DO NOT CLOSE THE TERMINAL
2019-09-14 02:23:27  INFO   ConsoleMessage:16  service is running. DO NOT CLOSE THE TERMINAL
2019-09-14 02:23:32  INFO   ConsoleMessage:16  service is running. DO NOT CLOSE THE TERMINAL
2019-09-14 02:23:37  INFO   ConsoleMessage:16  service is running. DO NOT CLOSE THE TERMINAL
2019-09-14 02:23:42  INFO   ConsoleMessage:16  service is running. DO NOT CLOSE THE TERMINAL
2019-09-14 02:23:47  INFO   ConsoleMessage:16  service is running. DO NOT CLOSE THE TERMINAL
2019-09-14 02:23:52  INFO   ConsoleMessage:16  service is running. DO NOT CLOSE THE TERMINAL
2019-09-14 02:23:57  INFO   ConsoleMessage:16  service is running. DO NOT CLOSE THE TERMINAL
2019-09-14 02:24:03  INFO   ConsoleMessage:16  service is running. DO NOT CLOSE THE TERMINAL
2019-09-14 02:24:08  INFO   ConsoleMessage:16  service is running. DO NOT CLOSE THE TERMINAL
2019-09-14 02:24:13  INFO   ConsoleMessage:16  service is running. DO NOT CLOSE THE TERMINAL
2019-09-14 02:24:18  INFO   ConsoleMessage:16  service is running. DO NOT CLOSE THE TERMINAL
2019-09-14 02:24:23  INFO   ConsoleMessage:16  service is running. DO NOT CLOSE THE TERMINAL
2019-09-14 02:24:28  INFO   ConsoleMessage:16  service is running. DO NOT CLOSE THE TERMINAL
2019-09-14 02:24:33  INFO   ConsoleMessage:16  service is running. DO NOT CLOSE THE TERMINAL
2019-09-14 02:24:38  INFO   ConsoleMessage:16  service is running. DO NOT CLOSE THE TERMINAL
2019-09-14 02:24:43  INFO   ConsoleMessage:16  service is running. DO NOT CLOSE THE TERMINAL
2019-09-14 02:24:48  INFO   ConsoleMessage:16  service is running. DO NOT CLOSE THE TERMINAL
2019-09-14 02:24:53  INFO   ConsoleMessage:16  service is running. DO NOT CLOSE THE TERMINAL
2019-09-14 02:24:58  INFO   ConsoleMessage:16  service is running. DO NOT CLOSE THE TERMINAL
2019-09-14 02:25:03  INFO   ConsoleMessage:16  service is running. DO NOT CLOSE THE TERMINAL
2019-09-14 02:25:08  INFO   ConsoleMessage:16  service is running. DO NOT CLOSE THE TERMINAL
2019-09-14 02:25:13  INFO   ConsoleMessage:16  service is running. DO NOT CLOSE THE TERMINAL
2019-09-14 02:25:18  INFO   ConsoleMessage:16  service is running. DO NOT CLOSE THE TERMINAL
2019-09-14 02:25:23  INFO   ConsoleMessage:16  service is running. DO NOT CLOSE THE TERMINAL
2019-09-14 02:25:28  INFO   ConsoleMessage:16  service is running. DO NOT CLOSE THE TERMINAL
2019-09-14 02:25:33  INFO   ConsoleMessage:16  service is running. DO NOT CLOSE THE TERMINAL
2019-09-14 02:25:38  INFO   ConsoleMessage:16  service is running. DO NOT CLOSE THE TERMINAL
2019-09-14 02:25:43  INFO   ConsoleMessage:16  service is running. DO NOT CLOSE THE TERMINAL
2019-09-14 02:25:48  INFO   ConsoleMessage:16  service is running. DO NOT CLOSE THE TERMINAL
2019-09-14 02:25:53  INFO   ConsoleMessage:16  service is running. DO NOT CLOSE THE TERMINAL
2019-09-14 02:25:58  INFO   ConsoleMessage:16  service is running. DO NOT CLOSE THE TERMINAL
2019-09-14 02:26:03  INFO   ConsoleMessage:16  service is running. DO NOT CLOSE THE TERMINAL
2019-09-14 02:26:08  INFO   ConsoleMessage:16  service is running. DO NOT CLOSE THE TERMINAL
2019-09-14 02:26:13  INFO   ConsoleMessage:16  service is running. DO NOT CLOSE THE TERMINAL
2019-09-14 02:26:18  INFO   ConsoleMessage:16  service is running. DO NOT CLOSE THE TERMINAL
2019-09-14 02:26:23  INFO   ConsoleMessage:16  service is running. DO NOT CLOSE THE TERMINAL
2019-09-14 02:26:28  INFO   ConsoleMessage:16  service is running. DO NOT CLOSE THE TERMINAL
2019-09-14 02:26:33  INFO   ConsoleMessage:16  service is running. DO NOT CLOSE THE TERMINAL
2019-09-14 02:26:38  INFO   ConsoleMessage:16  service is running. DO NOT CLOSE THE TERMINAL
2019-09-14 02:26:43  INFO   ConsoleMessage:16  service is running. DO NOT CLOSE THE TERMINAL
2019-09-14 02:26:48  INFO   ConsoleMessage:16  service is running. DO NOT CLOSE THE TERMINAL
2019-09-14 02:27:34  INFO   App:20  App started
2019-09-14 02:27:34  INFO   App:21  Service providing stated
2019-09-14 02:27:34  WARN   ConsoleMessage:17  service is running. DO NOT CLOSE THE TERMINAL!
2019-09-14 02:27:39  WARN   ConsoleMessage:17  service is running. DO NOT CLOSE THE TERMINAL!
2019-09-14 02:27:44  WARN   ConsoleMessage:17  service is running. DO NOT CLOSE THE TERMINAL!
2019-09-14 02:29:00  INFO   App:20  App started
2019-09-14 02:29:00  INFO   App:21  Service providing stated
2019-09-14 02:29:00  WARN   ConsoleMessage:17  service is running. DO NOT CLOSE THE TERMINAL!
2019-09-14 02:29:05  WARN   ConsoleMessage:17  service is running. DO NOT CLOSE THE TERMINAL!
2019-09-14 02:33:45  INFO   App:20  App started
2019-09-14 02:33:45  INFO   App:21  Service providing stated
2019-09-14 02:33:45  WARN   ConsoleMessage:17  service is running. DO NOT CLOSE THE TERMINAL!
2019-09-14 02:33:50  WARN   ConsoleMessage:17  service is running. DO NOT CLOSE THE TERMINAL!
2019-09-14 02:33:55  WARN   ConsoleMessage:17  service is running. DO NOT CLOSE THE TERMINAL!
2019-09-14 02:34:00  WARN   ConsoleMessage:17  service is running. DO NOT CLOSE THE TERMINAL!
2019-09-14 02:34:05  WARN   ConsoleMessage:17  service is running. DO NOT CLOSE THE TERMINAL!
2019-09-14 02:34:10  WARN   ConsoleMessage:17  service is running. DO NOT CLOSE THE TERMINAL!
2019-09-14 02:34:15  WARN   ConsoleMessage:17  service is running. DO NOT CLOSE THE TERMINAL!
2019-09-14 02:34:20  WARN   ConsoleMessage:17  service is running. DO NOT CLOSE THE TERMINAL!
2019-09-14 02:34:26  WARN   ConsoleMessage:17  service is running. DO NOT CLOSE THE TERMINAL!
2019-09-14 02:34:31  WARN   ConsoleMessage:17  service is running. DO NOT CLOSE THE TERMINAL!
2019-09-14 02:34:36  WARN   ConsoleMessage:17  service is running. DO NOT CLOSE THE TERMINAL!
2019-09-14 02:34:41  WARN   ConsoleMessage:17  service is running. DO NOT CLOSE THE TERMINAL!
2019-09-14 02:34:46  WARN   ConsoleMessage:17  service is running. DO NOT CLOSE THE TERMINAL!
2019-09-14 02:34:51  WARN   ConsoleMessage:17  service is running. DO NOT CLOSE THE TERMINAL!
2019-09-14 02:34:56  WARN   ConsoleMessage:17  service is running. DO NOT CLOSE THE TERMINAL!
2019-09-14 02:35:01  WARN   ConsoleMessage:17  service is running. DO NOT CLOSE THE TERMINAL!
2019-09-14 02:35:21  INFO   App:20  App started
2019-09-14 02:35:21  INFO   App:21  Service providing stated
2019-09-14 02:35:21  WARN   ConsoleMessage:17  service is running. DO NOT CLOSE THE TERMINAL!
2019-09-14 02:35:26  WARN   ConsoleMessage:17  service is running. DO NOT CLOSE THE TERMINAL!
2019-09-14 02:35:59  INFO   App:20  App started
2019-09-14 02:35:59  INFO   App:21  Service providing stated
2019-09-14 02:35:59  WARN   ConsoleMessage:17  service is running. DO NOT CLOSE THE TERMINAL!
2019-09-14 02:36:04  WARN   ConsoleMessage:17  service is running. DO NOT CLOSE THE TERMINAL!
2019-09-14 02:36:27  INFO   App:20  App started
2019-09-14 02:36:27  INFO   App:21  Service providing stated
2019-09-14 02:36:27  WARN   ConsoleMessage:17  service is running. DO NOT CLOSE THE TERMINAL!
2019-09-14 02:36:32  WARN   ConsoleMessage:17  service is running. DO NOT CLOSE THE TERMINAL!
2019-09-14 02:36:37  WARN   ConsoleMessage:17  service is running. DO NOT CLOSE THE TERMINAL!
2019-09-14 02:37:00  INFO   App:20  App started
2019-09-14 02:37:00  INFO   App:21  Service providing stated
2019-09-14 02:37:00  WARN   ConsoleMessage:17  service is running. DO NOT CLOSE THE TERMINAL!
2019-09-14 02:37:05  WARN   ConsoleMessage:17  service is running. DO NOT CLOSE THE TERMINAL!
2019-09-14 02:37:10  WARN   ConsoleMessage:17  service is running. DO NOT CLOSE THE TERMINAL!
2019-09-14 02:37:15  WARN   ConsoleMessage:17  service is running. DO NOT CLOSE THE TERMINAL!
2019-09-14 02:37:20  WARN   ConsoleMessage:17  service is running. DO NOT CLOSE THE TERMINAL!
2019-09-14 02:37:25  WARN   ConsoleMessage:17  service is running. DO NOT CLOSE THE TERMINAL!
2019-09-14 02:37:30  WARN   ConsoleMessage:17  service is running. DO NOT CLOSE THE TERMINAL!
2019-09-14 02:37:35  WARN   ConsoleMessage:17  service is running. DO NOT CLOSE THE TERMINAL!
2019-09-14 02:37:40  WARN   ConsoleMessage:17  service is running. DO NOT CLOSE THE TERMINAL!
2019-09-14 02:37:45  WARN   ConsoleMessage:17  service is running. DO NOT CLOSE THE TERMINAL!
2019-09-14 02:37:50  WARN   ConsoleMessage:17  service is running. DO NOT CLOSE THE TERMINAL!
2019-09-14 02:37:55  WARN   ConsoleMessage:17  service is running. DO NOT CLOSE THE TERMINAL!
2019-09-14 02:38:00  WARN   ConsoleMessage:17  service is running. DO NOT CLOSE THE TERMINAL!
2019-09-14 02:38:05  WARN   ConsoleMessage:17  service is running. DO NOT CLOSE THE TERMINAL!
2019-09-14 02:38:10  WARN   ConsoleMessage:17  service is running. DO NOT CLOSE THE TERMINAL!
2019-09-14 02:38:15  WARN   ConsoleMessage:17  service is running. DO NOT CLOSE THE TERMINAL!
2019-09-14 02:38:20  WARN   ConsoleMessage:17  service is running. DO NOT CLOSE THE TERMINAL!
2019-09-14 02:38:25  WARN   ConsoleMessage:17  service is running. DO NOT CLOSE THE TERMINAL!
2019-09-14 02:38:30  WARN   ConsoleMessage:17  service is running. DO NOT CLOSE THE TERMINAL!
2019-09-14 02:38:35  WARN   ConsoleMessage:17  service is running. DO NOT CLOSE THE TERMINAL!
2019-09-14 02:38:40  WARN   ConsoleMessage:17  service is running. DO NOT CLOSE THE TERMINAL!
2019-09-14 02:38:45  WARN   ConsoleMessage:17  service is running. DO NOT CLOSE THE TERMINAL!
2019-09-14 02:38:50  WARN   ConsoleMessage:17  service is running. DO NOT CLOSE THE TERMINAL!
2019-09-14 02:38:55  WARN   ConsoleMessage:17  service is running. DO NOT CLOSE THE TERMINAL!
2019-09-14 02:39:00  WARN   ConsoleMessage:17  service is running. DO NOT CLOSE THE TERMINAL!
2019-09-14 02:39:05  WARN   ConsoleMessage:17  service is running. DO NOT CLOSE THE TERMINAL!
2019-09-14 02:39:10  WARN   ConsoleMessage:17  service is running. DO NOT CLOSE THE TERMINAL!
2019-09-14 02:39:15  WARN   ConsoleMessage:17  service is running. DO NOT CLOSE THE TERMINAL!
2019-09-14 02:39:20  WARN   ConsoleMessage:17  service is running. DO NOT CLOSE THE TERMINAL!
2019-09-14 02:39:25  WARN   ConsoleMessage:17  service is running. DO NOT CLOSE THE TERMINAL!
2019-09-14 02:39:30  WARN   ConsoleMessage:17  service is running. DO NOT CLOSE THE TERMINAL!
2019-09-14 02:39:35  WARN   ConsoleMessage:17  service is running. DO NOT CLOSE THE TERMINAL!
2019-09-14 02:39:40  WARN   ConsoleMessage:17  service is running. DO NOT CLOSE THE TERMINAL!
2019-09-14 02:39:45  WARN   ConsoleMessage:17  service is running. DO NOT CLOSE THE TERMINAL!
2019-09-14 02:39:50  WARN   ConsoleMessage:17  service is running. DO NOT CLOSE THE TERMINAL!
2019-09-14 02:39:55  WARN   ConsoleMessage:17  service is running. DO NOT CLOSE THE TERMINAL!
2019-09-14 02:40:00  WARN   ConsoleMessage:17  service is running. DO NOT CLOSE THE TERMINAL!
2019-09-14 02:40:05  WARN   ConsoleMessage:17  service is running. DO NOT CLOSE THE TERMINAL!
2019-09-14 02:40:10  WARN   ConsoleMessage:17  service is running. DO NOT CLOSE THE TERMINAL!
2019-09-14 02:40:15  WARN   ConsoleMessage:17  service is running. DO NOT CLOSE THE TERMINAL!
2019-09-14 02:40:20  WARN   ConsoleMessage:17  service is running. DO NOT CLOSE THE TERMINAL!
2019-09-14 02:40:25  WARN   ConsoleMessage:17  service is running. DO NOT CLOSE THE TERMINAL!
2019-09-14 02:40:30  WARN   ConsoleMessage:17  service is running. DO NOT CLOSE THE TERMINAL!
2019-09-14 02:40:35  WARN   ConsoleMessage:17  service is running. DO NOT CLOSE THE TERMINAL!
2019-09-14 02:40:40  WARN   ConsoleMessage:17  service is running. DO NOT CLOSE THE TERMINAL!
2019-09-14 02:40:45  WARN   ConsoleMessage:17  service is running. DO NOT CLOSE THE TERMINAL!
2019-09-14 02:40:50  WARN   ConsoleMessage:17  service is running. DO NOT CLOSE THE TERMINAL!
2019-09-14 02:40:55  WARN   ConsoleMessage:17  service is running. DO NOT CLOSE THE TERMINAL!
2019-09-14 02:41:00  WARN   ConsoleMessage:17  service is running. DO NOT CLOSE THE TERMINAL!
2019-09-14 02:41:05  WARN   ConsoleMessage:17  service is running. DO NOT CLOSE THE TERMINAL!
2019-09-14 02:41:10  WARN   ConsoleMessage:17  service is running. DO NOT CLOSE THE TERMINAL!
2019-09-14 02:41:15  WARN   ConsoleMessage:17  service is running. DO NOT CLOSE THE TERMINAL!
2019-09-14 02:41:20  WARN   ConsoleMessage:17  service is running. DO NOT CLOSE THE TERMINAL!
2019-09-14 02:41:25  WARN   ConsoleMessage:17  service is running. DO NOT CLOSE THE TERMINAL!
2019-09-14 02:41:30  WARN   ConsoleMessage:17  service is running. DO NOT CLOSE THE TERMINAL!
2019-09-14 02:41:35  WARN   ConsoleMessage:17  service is running. DO NOT CLOSE THE TERMINAL!
2019-09-14 02:41:40  WARN   ConsoleMessage:17  service is running. DO NOT CLOSE THE TERMINAL!
2019-09-14 02:41:45  WARN   ConsoleMessage:17  service is running. DO NOT CLOSE THE TERMINAL!
2019-09-14 02:41:50  WARN   ConsoleMessage:17  service is running. DO NOT CLOSE THE TERMINAL!
2019-09-14 02:41:55  WARN   ConsoleMessage:17  service is running. DO NOT CLOSE THE TERMINAL!
2019-09-14 02:42:00  WARN   ConsoleMessage:17  service is running. DO NOT CLOSE THE TERMINAL!
2019-09-14 02:42:05  WARN   ConsoleMessage:17  service is running. DO NOT CLOSE THE TERMINAL!
2019-09-14 02:42:10  WARN   ConsoleMessage:17  service is running. DO NOT CLOSE THE TERMINAL!
2019-09-14 02:42:15  WARN   ConsoleMessage:17  service is running. DO NOT CLOSE THE TERMINAL!
2019-09-14 02:42:20  WARN   ConsoleMessage:17  service is running. DO NOT CLOSE THE TERMINAL!
2019-09-14 02:42:25  WARN   ConsoleMessage:17  service is running. DO NOT CLOSE THE TERMINAL!
2019-09-14 02:42:30  WARN   ConsoleMessage:17  service is running. DO NOT CLOSE THE TERMINAL!
2019-09-14 02:42:35  WARN   ConsoleMessage:17  service is running. DO NOT CLOSE THE TERMINAL!
2019-09-14 02:42:40  WARN   ConsoleMessage:17  service is running. DO NOT CLOSE THE TERMINAL!
2019-09-14 02:42:45  WARN   ConsoleMessage:17  service is running. DO NOT CLOSE THE TERMINAL!
2019-09-14 02:42:50  WARN   ConsoleMessage:17  service is running. DO NOT CLOSE THE TERMINAL!
2019-09-14 02:42:55  WARN   ConsoleMessage:17  service is running. DO NOT CLOSE THE TERMINAL!
2019-09-14 02:43:00  WARN   ConsoleMessage:17  service is running. DO NOT CLOSE THE TERMINAL!
2019-09-14 02:43:05  WARN   ConsoleMessage:17  service is running. DO NOT CLOSE THE TERMINAL!
2019-09-14 02:43:10  WARN   ConsoleMessage:17  service is running. DO NOT CLOSE THE TERMINAL!
2019-09-14 02:43:15  WARN   ConsoleMessage:17  service is running. DO NOT CLOSE THE TERMINAL!
2019-09-14 02:43:20  WARN   ConsoleMessage:17  service is running. DO NOT CLOSE THE TERMINAL!
2019-09-14 02:43:25  WARN   ConsoleMessage:17  service is running. DO NOT CLOSE THE TERMINAL!
2019-09-14 02:43:30  WARN   ConsoleMessage:17  service is running. DO NOT CLOSE THE TERMINAL!
2019-09-14 02:43:35  WARN   ConsoleMessage:17  service is running. DO NOT CLOSE THE TERMINAL!
2019-09-14 02:43:40  WARN   ConsoleMessage:17  service is running. DO NOT CLOSE THE TERMINAL!
2019-09-14 02:43:45  WARN   ConsoleMessage:17  service is running. DO NOT CLOSE THE TERMINAL!
2019-09-14 02:43:50  WARN   ConsoleMessage:17  service is running. DO NOT CLOSE THE TERMINAL!
2019-09-14 02:43:55  WARN   ConsoleMessage:17  service is running. DO NOT CLOSE THE TERMINAL!
2019-09-14 02:44:00  WARN   ConsoleMessage:17  service is running. DO NOT CLOSE THE TERMINAL!
2019-09-14 02:44:05  WARN   ConsoleMessage:17  service is running. DO NOT CLOSE THE TERMINAL!
2019-09-14 02:44:10  WARN   ConsoleMessage:17  service is running. DO NOT CLOSE THE TERMINAL!
2019-09-14 02:44:16  WARN   ConsoleMessage:17  service is running. DO NOT CLOSE THE TERMINAL!
2019-09-14 02:44:33  INFO   App:20  App started
2019-09-14 02:44:33  INFO   App:21  Service providing stated
2019-09-14 02:44:33  WARN   ConsoleMessage:17  service is running. DO NOT CLOSE THE TERMINAL!
2019-09-14 02:44:38  WARN   ConsoleMessage:17  service is running. DO NOT CLOSE THE TERMINAL!
2019-09-14 02:44:43  WARN   ConsoleMessage:17  service is running. DO NOT CLOSE THE TERMINAL!
2019-09-14 02:58:14  DEBUG  logging:22  Logging Provider: org.jboss.logging.Log4jLoggerProvider
2019-09-14 02:58:14  INFO   Version:21  HV000001: Hibernate Validator 6.0.17.Final
2019-09-14 02:58:14  DEBUG  TraversableResolvers:60  Cannot find javax.persistence.Persistence on classpath. Assuming non JPA 2 environment. All properties will per default be traversable.
2019-09-14 02:58:14  DEBUG  ValidationXmlParser:120  Trying to load META-INF/validation.xml for XML based Validator configuration.
2019-09-14 02:58:14  DEBUG  ResourceLoaderHelper:60  Trying to load META-INF/validation.xml via TCCL
2019-09-14 02:58:14  DEBUG  ResourceLoaderHelper:66  Trying to load META-INF/validation.xml via Hibernate Validator's class loader
2019-09-14 02:58:14  DEBUG  ValidationXmlParser:127  No META-INF/validation.xml found. Using annotation based configuration only.
2019-09-14 02:58:15  DEBUG  ResourceBundleMessageInterpolator:89  Loaded expression factory via original TCCL
2019-09-14 02:58:16  DEBUG  ValidatorFactoryImpl:578  HV000234: Using org.hibernate.validator.messageinterpolation.ResourceBundleMessageInterpolator as ValidatorFactory-scoped message interpolator.
2019-09-14 02:58:16  DEBUG  ValidatorFactoryImpl:579  HV000234: Using org.hibernate.validator.internal.engine.resolver.TraverseAllTraversableResolver as ValidatorFactory-scoped traversable resolver.
2019-09-14 02:58:16  DEBUG  ValidatorFactoryImpl:580  HV000234: Using org.hibernate.validator.internal.util.ExecutableParameterNameProvider as ValidatorFactory-scoped parameter name provider.
2019-09-14 02:58:16  DEBUG  ValidatorFactoryImpl:581  HV000234: Using org.hibernate.validator.internal.engine.DefaultClockProvider as ValidatorFactory-scoped clock provider.
2019-09-14 02:58:16  DEBUG  ValidatorFactoryImpl:582  HV000234: Using org.hibernate.validator.internal.engine.scripting.DefaultScriptEvaluatorFactory as ValidatorFactory-scoped script evaluator factory.
2019-09-14 02:58:20  DEBUG  TraversableResolvers:60  Cannot find javax.persistence.Persistence on classpath. Assuming non JPA 2 environment. All properties will per default be traversable.
2019-09-14 02:58:20  DEBUG  ResourceBundleMessageInterpolator:89  Loaded expression factory via original TCCL
2019-09-14 02:58:20  DEBUG  TraversableResolvers:60  Cannot find javax.persistence.Persistence on classpath. Assuming non JPA 2 environment. All properties will per default be traversable.
2019-09-14 02:58:20  DEBUG  ConfigurationImpl:148  Setting custom MessageInterpolator of type org.springframework.validation.beanvalidation.LocaleContextMessageInterpolator
2019-09-14 02:58:20  DEBUG  ConfigurationImpl:180  Setting custom ConstraintValidatorFactory of type org.springframework.validation.beanvalidation.SpringConstraintValidatorFactory
2019-09-14 02:58:20  DEBUG  ConfigurationImpl:194  Setting custom ParameterNameProvider of type org.springframework.validation.beanvalidation.LocalValidatorFactoryBean$1
2019-09-14 02:58:20  DEBUG  ValidationXmlParser:120  Trying to load META-INF/validation.xml for XML based Validator configuration.
2019-09-14 02:58:20  DEBUG  ResourceLoaderHelper:53  Trying to load META-INF/validation.xml via user class loader
2019-09-14 02:58:20  DEBUG  ResourceLoaderHelper:60  Trying to load META-INF/validation.xml via TCCL
2019-09-14 02:58:20  DEBUG  ResourceLoaderHelper:66  Trying to load META-INF/validation.xml via Hibernate Validator's class loader
2019-09-14 02:58:20  DEBUG  ValidationXmlParser:127  No META-INF/validation.xml found. Using annotation based configuration only.
2019-09-14 02:58:20  DEBUG  ValidatorFactoryImpl:578  HV000234: Using org.springframework.validation.beanvalidation.LocaleContextMessageInterpolator as ValidatorFactory-scoped message interpolator.
2019-09-14 02:58:20  DEBUG  ValidatorFactoryImpl:579  HV000234: Using org.hibernate.validator.internal.engine.resolver.TraverseAllTraversableResolver as ValidatorFactory-scoped traversable resolver.
2019-09-14 02:58:20  DEBUG  ValidatorFactoryImpl:580  HV000234: Using org.hibernate.validator.internal.util.ExecutableParameterNameProvider as ValidatorFactory-scoped parameter name provider.
2019-09-14 02:58:20  DEBUG  ValidatorFactoryImpl:581  HV000234: Using org.hibernate.validator.internal.engine.DefaultClockProvider as ValidatorFactory-scoped clock provider.
2019-09-14 02:58:20  DEBUG  ValidatorFactoryImpl:582  HV000234: Using org.hibernate.validator.internal.engine.scripting.DefaultScriptEvaluatorFactory as ValidatorFactory-scoped script evaluator factory.
2019-09-14 03:00:17  INFO   App:20  App started
2019-09-14 03:00:17  INFO   App:21  Service providing stated
2019-09-14 03:00:17  WARN   ConsoleMessage:17  service is running. DO NOT CLOSE THE TERMINAL!
2019-09-14 03:00:22  WARN   ConsoleMessage:17  service is running. DO NOT CLOSE THE TERMINAL!
2019-09-14 03:00:27  WARN   ConsoleMessage:17  service is running. DO NOT CLOSE THE TERMINAL!
2019-09-14 03:00:32  WARN   ConsoleMessage:17  service is running. DO NOT CLOSE THE TERMINAL!
2019-09-14 03:00:37  WARN   ConsoleMessage:17  service is running. DO NOT CLOSE THE TERMINAL!
2019-09-14 03:00:42  WARN   ConsoleMessage:17  service is running. DO NOT CLOSE THE TERMINAL!
2019-09-14 03:00:47  WARN   ConsoleMessage:17  service is running. DO NOT CLOSE THE TERMINAL!
2019-09-14 03:00:52  WARN   ConsoleMessage:17  service is running. DO NOT CLOSE THE TERMINAL!
2019-09-14 03:00:57  WARN   ConsoleMessage:17  service is running. DO NOT CLOSE THE TERMINAL!
2019-09-14 03:01:02  WARN   ConsoleMessage:17  service is running. DO NOT CLOSE THE TERMINAL!
2019-09-14 03:01:07  WARN   ConsoleMessage:17  service is running. DO NOT CLOSE THE TERMINAL!
2019-09-14 03:01:12  WARN   ConsoleMessage:17  service is running. DO NOT CLOSE THE TERMINAL!
2019-09-14 03:01:17  WARN   ConsoleMessage:17  service is running. DO NOT CLOSE THE TERMINAL!
2019-09-14 03:01:22  WARN   ConsoleMessage:17  service is running. DO NOT CLOSE THE TERMINAL!
2019-09-14 03:01:27  WARN   ConsoleMessage:17  service is running. DO NOT CLOSE THE TERMINAL!
2019-09-14 03:01:32  WARN   ConsoleMessage:17  service is running. DO NOT CLOSE THE TERMINAL!
2019-09-14 03:01:37  WARN   ConsoleMessage:17  service is running. DO NOT CLOSE THE TERMINAL!
2019-09-14 03:01:42  WARN   ConsoleMessage:17  service is running. DO NOT CLOSE THE TERMINAL!
2019-09-14 03:01:47  WARN   ConsoleMessage:17  service is running. DO NOT CLOSE THE TERMINAL!
2019-09-14 03:01:52  WARN   ConsoleMessage:17  service is running. DO NOT CLOSE THE TERMINAL!
2019-09-14 03:01:57  WARN   ConsoleMessage:17  service is running. DO NOT CLOSE THE TERMINAL!
2019-09-14 03:02:02  WARN   ConsoleMessage:17  service is running. DO NOT CLOSE THE TERMINAL!
2019-09-14 03:02:07  WARN   ConsoleMessage:17  service is running. DO NOT CLOSE THE TERMINAL!
2019-09-14 03:02:12  WARN   ConsoleMessage:17  service is running. DO NOT CLOSE THE TERMINAL!
2019-09-14 03:02:17  WARN   ConsoleMessage:17  service is running. DO NOT CLOSE THE TERMINAL!
2019-09-14 03:02:22  WARN   ConsoleMessage:17  service is running. DO NOT CLOSE THE TERMINAL!
2019-09-14 03:02:27  WARN   ConsoleMessage:17  service is running. DO NOT CLOSE THE TERMINAL!
2019-09-14 03:02:32  WARN   ConsoleMessage:17  service is running. DO NOT CLOSE THE TERMINAL!
2019-09-14 03:02:37  WARN   ConsoleMessage:17  service is running. DO NOT CLOSE THE TERMINAL!
2019-09-14 03:02:42  WARN   ConsoleMessage:17  service is running. DO NOT CLOSE THE TERMINAL!
2019-09-14 03:02:47  WARN   ConsoleMessage:17  service is running. DO NOT CLOSE THE TERMINAL!
2019-09-14 03:02:52  WARN   ConsoleMessage:17  service is running. DO NOT CLOSE THE TERMINAL!
2019-09-14 03:02:57  WARN   ConsoleMessage:17  service is running. DO NOT CLOSE THE TERMINAL!
2019-09-14 03:03:02  WARN   ConsoleMessage:17  service is running. DO NOT CLOSE THE TERMINAL!
2019-09-14 03:03:07  WARN   ConsoleMessage:17  service is running. DO NOT CLOSE THE TERMINAL!
2019-09-14 03:03:12  WARN   ConsoleMessage:17  service is running. DO NOT CLOSE THE TERMINAL!
2019-09-14 03:03:17  WARN   ConsoleMessage:17  service is running. DO NOT CLOSE THE TERMINAL!
2019-09-14 03:03:22  WARN   ConsoleMessage:17  service is running. DO NOT CLOSE THE TERMINAL!
2019-09-14 03:03:27  WARN   ConsoleMessage:17  service is running. DO NOT CLOSE THE TERMINAL!
2019-09-14 03:03:54  INFO   App:20  App started
2019-09-14 03:03:54  INFO   App:21  Service providing stated
2019-09-14 03:03:54  WARN   ConsoleMessage:17  service is running...
2019-09-14 03:03:54  WARN   ConsoleMessage:18  DO NOT CLOSE THE TERMINAL.
2019-09-14 03:03:59  WARN   ConsoleMessage:17  service is running...
2019-09-14 03:03:59  WARN   ConsoleMessage:18  DO NOT CLOSE THE TERMINAL.
2019-09-14 03:04:04  WARN   ConsoleMessage:17  service is running...
2019-09-14 03:04:04  WARN   ConsoleMessage:18  DO NOT CLOSE THE TERMINAL.
2019-09-14 03:04:09  WARN   ConsoleMessage:17  service is running...
2019-09-14 03:04:09  WARN   ConsoleMessage:18  DO NOT CLOSE THE TERMINAL.
2019-09-14 03:04:14  WARN   ConsoleMessage:17  service is running...
2019-09-14 03:04:14  WARN   ConsoleMessage:18  DO NOT CLOSE THE TERMINAL.
2019-09-14 03:04:19  WARN   ConsoleMessage:17  service is running...
2019-09-14 03:04:19  WARN   ConsoleMessage:18  DO NOT CLOSE THE TERMINAL.
2019-09-14 03:04:24  WARN   ConsoleMessage:17  service is running...
2019-09-14 03:04:24  WARN   ConsoleMessage:18  DO NOT CLOSE THE TERMINAL.
2019-09-14 03:04:29  WARN   ConsoleMessage:17  service is running...
2019-09-14 03:04:29  WARN   ConsoleMessage:18  DO NOT CLOSE THE TERMINAL.
2019-09-14 03:04:34  WARN   ConsoleMessage:17  service is running...
2019-09-14 03:04:34  WARN   ConsoleMessage:18  DO NOT CLOSE THE TERMINAL.
2019-09-14 03:04:39  WARN   ConsoleMessage:17  service is running...
2019-09-14 03:04:39  WARN   ConsoleMessage:18  DO NOT CLOSE THE TERMINAL.
2019-09-14 03:04:44  WARN   ConsoleMessage:17  service is running...
2019-09-14 03:04:44  WARN   ConsoleMessage:18  DO NOT CLOSE THE TERMINAL.
2019-09-14 03:04:49  WARN   ConsoleMessage:17  service is running...
2019-09-14 03:04:49  WARN   ConsoleMessage:18  DO NOT CLOSE THE TERMINAL.
2019-09-14 03:10:55  INFO   App:20  App started
2019-09-14 03:10:55  INFO   App:21  Service providing stated
2019-09-14 03:10:55  WARN   ConsoleMessage:18  service is running... service No : 0 DO NOT CLOSE THE TERMINAL.
2019-09-14 03:10:57  WARN   ConsoleMessage:18  service is running... service No : 0 DO NOT CLOSE THE TERMINAL.
2019-09-14 03:10:59  WARN   ConsoleMessage:18  service is running... service No : 0 DO NOT CLOSE THE TERMINAL.
2019-09-14 03:11:01  WARN   ConsoleMessage:18  service is running... service No : 0 DO NOT CLOSE THE TERMINAL.
2019-09-14 03:11:03  WARN   ConsoleMessage:18  service is running... service No : 0 DO NOT CLOSE THE TERMINAL.
2019-09-14 03:11:05  WARN   ConsoleMessage:18  service is running... service No : 0 DO NOT CLOSE THE TERMINAL.
2019-09-14 03:11:07  WARN   ConsoleMessage:18  service is running... service No : 0 DO NOT CLOSE THE TERMINAL.
2019-09-14 03:11:09  WARN   ConsoleMessage:18  service is running... service No : 0 DO NOT CLOSE THE TERMINAL.
2019-09-14 03:13:12  INFO   App:20  App started
2019-09-14 03:13:12  INFO   App:21  Service providing stated
2019-09-14 03:13:12  WARN   ConsoleMessage:18  service is running... service No : 0 DO NOT CLOSE THE TERMINAL.
2019-09-14 03:13:14  WARN   ConsoleMessage:18  service is running... service No : 0 DO NOT CLOSE THE TERMINAL.
2019-09-14 03:13:16  WARN   ConsoleMessage:18  service is running... service No : 0 DO NOT CLOSE THE TERMINAL.
2019-09-14 03:18:19  INFO   App:20  App started
2019-09-14 03:18:19  INFO   App:21  Service providing stated
2019-09-14 03:18:19  WARN   ConsoleMessage:19  Service is running...Service No : 0 DO NOT CLOSE THE TERMINAL.
2019-09-14 03:18:21  WARN   ConsoleMessage:19  Service is running...Service No : 1 DO NOT CLOSE THE TERMINAL.
2019-09-14 03:18:23  WARN   ConsoleMessage:19  Service is running...Service No : 2 DO NOT CLOSE THE TERMINAL.
2019-09-14 03:18:25  WARN   ConsoleMessage:19  Service is running...Service No : 3 DO NOT CLOSE THE TERMINAL.
2019-09-14 03:18:27  WARN   ConsoleMessage:19  Service is running...Service No : 4 DO NOT CLOSE THE TERMINAL.
2019-09-14 03:18:29  WARN   ConsoleMessage:19  Service is running...Service No : 5 DO NOT CLOSE THE TERMINAL.
2019-09-14 03:18:33  WARN   ConsoleMessage:19  Service is running...Service No : 1 DO NOT CLOSE THE TERMINAL.
2019-09-14 03:18:35  WARN   ConsoleMessage:19  Service is running...Service No : 2 DO NOT CLOSE THE TERMINAL.
2019-09-14 03:18:37  WARN   ConsoleMessage:19  Service is running...Service No : 3 DO NOT CLOSE THE TERMINAL.
2019-09-14 03:18:39  WARN   ConsoleMessage:19  Service is running...Service No : 4 DO NOT CLOSE THE TERMINAL.
2019-09-14 03:18:41  WARN   ConsoleMessage:19  Service is running...Service No : 5 DO NOT CLOSE THE TERMINAL.
2019-09-14 03:18:45  WARN   ConsoleMessage:19  Service is running...Service No : 1 DO NOT CLOSE THE TERMINAL.
2019-09-14 03:18:47  WARN   ConsoleMessage:19  Service is running...Service No : 2 DO NOT CLOSE THE TERMINAL.
2019-09-14 03:18:49  WARN   ConsoleMessage:19  Service is running...Service No : 3 DO NOT CLOSE THE TERMINAL.
2019-09-14 03:18:51  WARN   ConsoleMessage:19  Service is running...Service No : 4 DO NOT CLOSE THE TERMINAL.
2019-09-14 03:18:53  WARN   ConsoleMessage:19  Service is running...Service No : 5 DO NOT CLOSE THE TERMINAL.
2019-09-14 03:18:57  WARN   ConsoleMessage:19  Service is running...Service No : 1 DO NOT CLOSE THE TERMINAL.
2019-09-14 03:18:59  WARN   ConsoleMessage:19  Service is running...Service No : 2 DO NOT CLOSE THE TERMINAL.
2019-09-14 03:19:01  WARN   ConsoleMessage:19  Service is running...Service No : 3 DO NOT CLOSE THE TERMINAL.
2019-09-14 03:19:03  WARN   ConsoleMessage:19  Service is running...Service No : 4 DO NOT CLOSE THE TERMINAL.
2019-09-14 03:24:37  INFO   App:20  App started
2019-09-14 03:24:37  INFO   App:21  Service providing stated
2019-09-14 03:24:37  WARN   ConsoleMessage:19  Service is running...Service No : 0 DO NOT CLOSE THE TERMINAL.
2019-09-14 03:24:39  WARN   ConsoleMessage:19  Service is running...Service No : 1 DO NOT CLOSE THE TERMINAL.
2019-09-14 03:24:41  WARN   ConsoleMessage:19  Service is running...Service No : 2 DO NOT CLOSE THE TERMINAL.
2019-09-14 03:24:43  WARN   ConsoleMessage:19  Service is running...Service No : 3 DO NOT CLOSE THE TERMINAL.
2019-09-14 03:24:45  WARN   ConsoleMessage:19  Service is running...Service No : 4 DO NOT CLOSE THE TERMINAL.
2019-09-14 03:24:47  WARN   ConsoleMessage:19  Service is running...Service No : 5 DO NOT CLOSE THE TERMINAL.
2019-09-14 03:30:26  INFO   App:20  App started
2019-09-14 03:30:26  INFO   App:21  Service providing stated
2019-09-14 03:30:26  WARN   ConsoleMessage:20  Service is running...Service No : 1 Progress : 1 DO NOT CLOSE THE TERMINAL.
2019-09-14 03:30:28  WARN   ConsoleMessage:20  Service is running...Service No : 1 Progress : 2 DO NOT CLOSE THE TERMINAL.
2019-09-14 03:30:30  WARN   ConsoleMessage:20  Service is running...Service No : 1 Progress : 3 DO NOT CLOSE THE TERMINAL.
2019-09-14 03:30:32  WARN   ConsoleMessage:20  Service is running...Service No : 1 Progress : 4 DO NOT CLOSE THE TERMINAL.
2019-09-14 03:30:34  WARN   ConsoleMessage:20  Service is running...Service No : 1 Progress : 5 DO NOT CLOSE THE TERMINAL.
2019-09-14 03:30:38  WARN   ConsoleMessage:20  Service is running...Service No : 2 Progress : 1 DO NOT CLOSE THE TERMINAL.
2019-09-14 03:30:40  WARN   ConsoleMessage:20  Service is running...Service No : 2 Progress : 2 DO NOT CLOSE THE TERMINAL.
2019-09-14 03:30:42  WARN   ConsoleMessage:20  Service is running...Service No : 2 Progress : 3 DO NOT CLOSE THE TERMINAL.
2019-09-14 03:30:44  WARN   ConsoleMessage:20  Service is running...Service No : 2 Progress : 4 DO NOT CLOSE THE TERMINAL.
2019-09-14 03:30:46  WARN   ConsoleMessage:20  Service is running...Service No : 2 Progress : 5 DO NOT CLOSE THE TERMINAL.
2019-09-14 03:30:50  WARN   ConsoleMessage:20  Service is running...Service No : 3 Progress : 1 DO NOT CLOSE THE TERMINAL.
2019-09-14 03:30:52  WARN   ConsoleMessage:20  Service is running...Service No : 3 Progress : 2 DO NOT CLOSE THE TERMINAL.
2019-09-14 03:30:54  WARN   ConsoleMessage:20  Service is running...Service No : 3 Progress : 3 DO NOT CLOSE THE TERMINAL.
2019-09-14 03:30:56  WARN   ConsoleMessage:20  Service is running...Service No : 3 Progress : 4 DO NOT CLOSE THE TERMINAL.
2019-09-14 03:30:58  WARN   ConsoleMessage:20  Service is running...Service No : 3 Progress : 5 DO NOT CLOSE THE TERMINAL.
2019-09-14 03:31:02  WARN   ConsoleMessage:20  Service is running...Service No : 4 Progress : 1 DO NOT CLOSE THE TERMINAL.
2019-09-14 03:31:04  WARN   ConsoleMessage:20  Service is running...Service No : 4 Progress : 2 DO NOT CLOSE THE TERMINAL.
2019-09-14 03:31:06  WARN   ConsoleMessage:20  Service is running...Service No : 4 Progress : 3 DO NOT CLOSE THE TERMINAL.
2019-09-14 03:31:08  WARN   ConsoleMessage:20  Service is running...Service No : 4 Progress : 4 DO NOT CLOSE THE TERMINAL.
2019-09-14 03:31:10  WARN   ConsoleMessage:20  Service is running...Service No : 4 Progress : 5 DO NOT CLOSE THE TERMINAL.
2019-09-14 03:31:14  WARN   ConsoleMessage:20  Service is running...Service No : 5 Progress : 1 DO NOT CLOSE THE TERMINAL.
2019-09-14 03:31:16  WARN   ConsoleMessage:20  Service is running...Service No : 5 Progress : 2 DO NOT CLOSE THE TERMINAL.
2019-09-14 03:31:18  WARN   ConsoleMessage:20  Service is running...Service No : 5 Progress : 3 DO NOT CLOSE THE TERMINAL.
2019-09-14 03:31:20  WARN   ConsoleMessage:20  Service is running...Service No : 5 Progress : 4 DO NOT CLOSE THE TERMINAL.
2019-09-14 03:31:22  WARN   ConsoleMessage:20  Service is running...Service No : 5 Progress : 5 DO NOT CLOSE THE TERMINAL.
2019-09-14 03:31:26  WARN   ConsoleMessage:20  Service is running...Service No : 6 Progress : 1 DO NOT CLOSE THE TERMINAL.
2019-09-14 03:31:28  WARN   ConsoleMessage:20  Service is running...Service No : 6 Progress : 2 DO NOT CLOSE THE TERMINAL.
2019-09-14 03:31:30  WARN   ConsoleMessage:20  Service is running...Service No : 6 Progress : 3 DO NOT CLOSE THE TERMINAL.
2019-09-14 03:44:05  INFO   App:20  App started
2019-09-14 03:44:05  INFO   App:21  Service providing stated
2019-09-14 03:44:05  INFO   ConsoleMessage:20  Service is running... Service No : 1 Progress : 1 DO NOT CLOSE THE TERMINAL.
2019-09-14 03:44:07  INFO   ConsoleMessage:20  Service is running... Service No : 1 Progress : 2 DO NOT CLOSE THE TERMINAL.
2019-09-14 03:44:09  INFO   ConsoleMessage:20  Service is running... Service No : 1 Progress : 3 DO NOT CLOSE THE TERMINAL.
2019-09-14 03:44:11  INFO   ConsoleMessage:20  Service is running... Service No : 1 Progress : 4 DO NOT CLOSE THE TERMINAL.
2019-09-14 03:44:13  INFO   ConsoleMessage:20  Service is running... Service No : 1 Progress : 5 DO NOT CLOSE THE TERMINAL.
2019-09-14 03:44:15  INFO   ConsoleMessage:20  Service is running... Service No : 1 Progress : 6 DO NOT CLOSE THE TERMINAL.
2019-09-14 03:44:17  INFO   ConsoleMessage:20  Service is running... Service No : 1 Progress : 7 DO NOT CLOSE THE TERMINAL.
2019-09-14 03:44:19  INFO   ConsoleMessage:20  Service is running... Service No : 1 Progress : 8 DO NOT CLOSE THE TERMINAL.
2019-09-14 03:44:53  INFO   App:20  App started
2019-09-14 03:44:53  INFO   App:21  Service providing stated
2019-09-14 03:44:53  INFO   ConsoleMessage:20  Service is running... Service No : 1 Progress : 1% DO NOT CLOSE THE TERMINAL.
2019-09-14 03:44:55  INFO   ConsoleMessage:20  Service is running... Service No : 1 Progress : 2% DO NOT CLOSE THE TERMINAL.
2019-09-14 03:44:57  INFO   ConsoleMessage:20  Service is running... Service No : 1 Progress : 3% DO NOT CLOSE THE TERMINAL.
2019-09-14 03:44:59  INFO   ConsoleMessage:20  Service is running... Service No : 1 Progress : 4% DO NOT CLOSE THE TERMINAL.
2019-09-14 03:45:01  INFO   ConsoleMessage:20  Service is running... Service No : 1 Progress : 5% DO NOT CLOSE THE TERMINAL.
2019-09-14 03:45:03  INFO   ConsoleMessage:20  Service is running... Service No : 1 Progress : 6% DO NOT CLOSE THE TERMINAL.
2019-09-14 03:45:05  INFO   ConsoleMessage:20  Service is running... Service No : 1 Progress : 7% DO NOT CLOSE THE TERMINAL.
2019-09-14 03:45:07  INFO   ConsoleMessage:20  Service is running... Service No : 1 Progress : 8% DO NOT CLOSE THE TERMINAL.
2019-09-14 03:45:09  INFO   ConsoleMessage:20  Service is running... Service No : 1 Progress : 9% DO NOT CLOSE THE TERMINAL.
2019-09-14 03:45:11  INFO   ConsoleMessage:20  Service is running... Service No : 1 Progress : 10% DO NOT CLOSE THE TERMINAL.
2019-09-14 03:45:13  INFO   ConsoleMessage:20  Service is running... Service No : 1 Progress : 11% DO NOT CLOSE THE TERMINAL.
2019-09-14 03:45:15  INFO   ConsoleMessage:20  Service is running... Service No : 1 Progress : 12% DO NOT CLOSE THE TERMINAL.
2019-09-14 03:45:17  INFO   ConsoleMessage:20  Service is running... Service No : 1 Progress : 13% DO NOT CLOSE THE TERMINAL.
2019-09-14 03:45:19  INFO   ConsoleMessage:20  Service is running... Service No : 1 Progress : 14% DO NOT CLOSE THE TERMINAL.
2019-09-14 03:45:21  INFO   ConsoleMessage:20  Service is running... Service No : 1 Progress : 15% DO NOT CLOSE THE TERMINAL.
2019-09-14 03:45:23  INFO   ConsoleMessage:20  Service is running... Service No : 1 Progress : 16% DO NOT CLOSE THE TERMINAL.
2019-09-14 03:45:25  INFO   ConsoleMessage:20  Service is running... Service No : 1 Progress : 17% DO NOT CLOSE THE TERMINAL.
2019-09-14 03:45:27  INFO   ConsoleMessage:20  Service is running... Service No : 1 Progress : 18% DO NOT CLOSE THE TERMINAL.
2019-09-14 03:45:29  INFO   ConsoleMessage:20  Service is running... Service No : 1 Progress : 19% DO NOT CLOSE THE TERMINAL.
2019-09-14 03:45:31  INFO   ConsoleMessage:20  Service is running... Service No : 1 Progress : 20% DO NOT CLOSE THE TERMINAL.
2019-09-14 03:45:33  INFO   ConsoleMessage:20  Service is running... Service No : 1 Progress : 21% DO NOT CLOSE THE TERMINAL.
2019-09-14 03:45:35  INFO   ConsoleMessage:20  Service is running... Service No : 1 Progress : 22% DO NOT CLOSE THE TERMINAL.
2019-09-14 03:45:37  INFO   ConsoleMessage:20  Service is running... Service No : 1 Progress : 23% DO NOT CLOSE THE TERMINAL.
2019-09-14 03:45:39  INFO   ConsoleMessage:20  Service is running... Service No : 1 Progress : 24% DO NOT CLOSE THE TERMINAL.
2019-09-14 03:45:41  INFO   ConsoleMessage:20  Service is running... Service No : 1 Progress : 25% DO NOT CLOSE THE TERMINAL.
2019-09-14 03:45:43  INFO   ConsoleMessage:20  Service is running... Service No : 1 Progress : 26% DO NOT CLOSE THE TERMINAL.
2019-09-14 03:45:45  INFO   ConsoleMessage:20  Service is running... Service No : 1 Progress : 27% DO NOT CLOSE THE TERMINAL.
2019-09-14 03:45:47  INFO   ConsoleMessage:20  Service is running... Service No : 1 Progress : 28% DO NOT CLOSE THE TERMINAL.
2019-09-14 03:45:49  INFO   ConsoleMessage:20  Service is running... Service No : 1 Progress : 29% DO NOT CLOSE THE TERMINAL.
2019-09-14 03:45:51  INFO   ConsoleMessage:20  Service is running... Service No : 1 Progress : 30% DO NOT CLOSE THE TERMINAL.
2019-09-14 03:45:53  INFO   ConsoleMessage:20  Service is running... Service No : 1 Progress : 31% DO NOT CLOSE THE TERMINAL.
2019-09-14 03:45:55  INFO   ConsoleMessage:20  Service is running... Service No : 1 Progress : 32% DO NOT CLOSE THE TERMINAL.
2019-09-14 03:45:57  INFO   ConsoleMessage:20  Service is running... Service No : 1 Progress : 33% DO NOT CLOSE THE TERMINAL.
2019-09-14 03:45:59  INFO   ConsoleMessage:20  Service is running... Service No : 1 Progress : 34% DO NOT CLOSE THE TERMINAL.
2019-09-14 03:46:01  INFO   ConsoleMessage:20  Service is running... Service No : 1 Progress : 35% DO NOT CLOSE THE TERMINAL.
2019-09-14 03:46:03  INFO   ConsoleMessage:20  Service is running... Service No : 1 Progress : 36% DO NOT CLOSE THE TERMINAL.
2019-09-14 03:46:05  INFO   ConsoleMessage:20  Service is running... Service No : 1 Progress : 37% DO NOT CLOSE THE TERMINAL.
2019-09-14 03:46:07  INFO   ConsoleMessage:20  Service is running... Service No : 1 Progress : 38% DO NOT CLOSE THE TERMINAL.
2019-09-14 03:46:09  INFO   ConsoleMessage:20  Service is running... Service No : 1 Progress : 39% DO NOT CLOSE THE TERMINAL.
2019-09-14 03:46:11  INFO   ConsoleMessage:20  Service is running... Service No : 1 Progress : 40% DO NOT CLOSE THE TERMINAL.
2019-09-14 03:46:13  INFO   ConsoleMessage:20  Service is running... Service No : 1 Progress : 41% DO NOT CLOSE THE TERMINAL.
2019-09-14 03:46:15  INFO   ConsoleMessage:20  Service is running... Service No : 1 Progress : 42% DO NOT CLOSE THE TERMINAL.
2019-09-14 03:46:17  INFO   ConsoleMessage:20  Service is running... Service No : 1 Progress : 43% DO NOT CLOSE THE TERMINAL.
2019-09-14 03:46:19  INFO   ConsoleMessage:20  Service is running... Service No : 1 Progress : 44% DO NOT CLOSE THE TERMINAL.
2019-09-14 03:46:21  INFO   ConsoleMessage:20  Service is running... Service No : 1 Progress : 45% DO NOT CLOSE THE TERMINAL.
2019-09-14 03:46:23  INFO   ConsoleMessage:20  Service is running... Service No : 1 Progress : 46% DO NOT CLOSE THE TERMINAL.
2019-09-14 03:46:25  INFO   ConsoleMessage:20  Service is running... Service No : 1 Progress : 47% DO NOT CLOSE THE TERMINAL.
2019-09-14 03:46:27  INFO   ConsoleMessage:20  Service is running... Service No : 1 Progress : 48% DO NOT CLOSE THE TERMINAL.
2019-09-14 03:46:29  INFO   ConsoleMessage:20  Service is running... Service No : 1 Progress : 49% DO NOT CLOSE THE TERMINAL.
2019-09-14 03:46:31  INFO   ConsoleMessage:20  Service is running... Service No : 1 Progress : 50% DO NOT CLOSE THE TERMINAL.
2019-09-14 03:46:33  INFO   ConsoleMessage:20  Service is running... Service No : 1 Progress : 51% DO NOT CLOSE THE TERMINAL.
2019-09-14 03:46:35  INFO   ConsoleMessage:20  Service is running... Service No : 1 Progress : 52% DO NOT CLOSE THE TERMINAL.
2019-09-14 03:46:37  INFO   ConsoleMessage:20  Service is running... Service No : 1 Progress : 53% DO NOT CLOSE THE TERMINAL.
2019-09-14 03:46:39  INFO   ConsoleMessage:20  Service is running... Service No : 1 Progress : 54% DO NOT CLOSE THE TERMINAL.
2019-09-14 03:46:41  INFO   ConsoleMessage:20  Service is running... Service No : 1 Progress : 55% DO NOT CLOSE THE TERMINAL.
2019-09-14 03:46:43  INFO   ConsoleMessage:20  Service is running... Service No : 1 Progress : 56% DO NOT CLOSE THE TERMINAL.
2019-09-14 03:46:45  INFO   ConsoleMessage:20  Service is running... Service No : 1 Progress : 57% DO NOT CLOSE THE TERMINAL.
2019-09-14 03:46:47  INFO   ConsoleMessage:20  Service is running... Service No : 1 Progress : 58% DO NOT CLOSE THE TERMINAL.
2019-09-14 03:46:49  INFO   ConsoleMessage:20  Service is running... Service No : 1 Progress : 59% DO NOT CLOSE THE TERMINAL.
2019-09-14 03:46:51  INFO   ConsoleMessage:20  Service is running... Service No : 1 Progress : 60% DO NOT CLOSE THE TERMINAL.
2019-09-14 03:46:53  INFO   ConsoleMessage:20  Service is running... Service No : 1 Progress : 61% DO NOT CLOSE THE TERMINAL.
2019-09-14 03:46:55  INFO   ConsoleMessage:20  Service is running... Service No : 1 Progress : 62% DO NOT CLOSE THE TERMINAL.
2019-09-14 03:46:57  INFO   ConsoleMessage:20  Service is running... Service No : 1 Progress : 63% DO NOT CLOSE THE TERMINAL.
2019-09-14 03:46:59  INFO   ConsoleMessage:20  Service is running... Service No : 1 Progress : 64% DO NOT CLOSE THE TERMINAL.
2019-09-14 03:47:01  INFO   ConsoleMessage:20  Service is running... Service No : 1 Progress : 65% DO NOT CLOSE THE TERMINAL.
2019-09-14 03:47:03  INFO   ConsoleMessage:20  Service is running... Service No : 1 Progress : 66% DO NOT CLOSE THE TERMINAL.
2019-09-14 03:47:05  INFO   ConsoleMessage:20  Service is running... Service No : 1 Progress : 67% DO NOT CLOSE THE TERMINAL.
2019-09-14 03:47:07  INFO   ConsoleMessage:20  Service is running... Service No : 1 Progress : 68% DO NOT CLOSE THE TERMINAL.
2019-09-14 03:47:29  INFO   App:20  App started
2019-09-14 03:47:29  INFO   App:21  Service providing stated
2019-09-14 03:47:29  INFO   ConsoleMessage:20  Service is running... Service No : 1 Progress : 1% DO NOT CLOSE THE TERMINAL.
2019-09-14 03:47:34  INFO   ConsoleMessage:20  Service is running... Service No : 1 Progress : 2% DO NOT CLOSE THE TERMINAL.
2019-09-14 03:47:39  INFO   ConsoleMessage:20  Service is running... Service No : 1 Progress : 3% DO NOT CLOSE THE TERMINAL.
2019-09-14 03:47:44  INFO   ConsoleMessage:20  Service is running... Service No : 1 Progress : 4% DO NOT CLOSE THE TERMINAL.
2019-09-14 03:47:49  INFO   ConsoleMessage:20  Service is running... Service No : 1 Progress : 5% DO NOT CLOSE THE TERMINAL.
2019-09-14 03:47:54  INFO   ConsoleMessage:20  Service is running... Service No : 1 Progress : 6% DO NOT CLOSE THE TERMINAL.
2019-09-14 03:47:59  INFO   ConsoleMessage:20  Service is running... Service No : 1 Progress : 7% DO NOT CLOSE THE TERMINAL.
2019-09-14 03:48:04  INFO   ConsoleMessage:20  Service is running... Service No : 1 Progress : 8% DO NOT CLOSE THE TERMINAL.
2019-09-14 03:48:09  INFO   ConsoleMessage:20  Service is running... Service No : 1 Progress : 9% DO NOT CLOSE THE TERMINAL.
2019-09-14 03:48:14  INFO   ConsoleMessage:20  Service is running... Service No : 1 Progress : 10% DO NOT CLOSE THE TERMINAL.
2019-09-14 03:48:19  INFO   ConsoleMessage:20  Service is running... Service No : 1 Progress : 11% DO NOT CLOSE THE TERMINAL.
2019-09-14 03:48:24  INFO   ConsoleMessage:20  Service is running... Service No : 1 Progress : 12% DO NOT CLOSE THE TERMINAL.
2019-09-14 03:48:29  INFO   ConsoleMessage:20  Service is running... Service No : 1 Progress : 13% DO NOT CLOSE THE TERMINAL.
2019-09-14 03:48:34  INFO   ConsoleMessage:20  Service is running... Service No : 1 Progress : 14% DO NOT CLOSE THE TERMINAL.
2019-09-14 03:48:39  INFO   ConsoleMessage:20  Service is running... Service No : 1 Progress : 15% DO NOT CLOSE THE TERMINAL.
2019-09-14 03:48:44  INFO   ConsoleMessage:20  Service is running... Service No : 1 Progress : 16% DO NOT CLOSE THE TERMINAL.
2019-09-14 03:48:45  DEBUG  Controller:31  Home page successful.
2019-09-14 03:48:49  INFO   ConsoleMessage:20  Service is running... Service No : 1 Progress : 17% DO NOT CLOSE THE TERMINAL.
2019-09-14 03:48:54  INFO   ConsoleMessage:20  Service is running... Service No : 1 Progress : 18% DO NOT CLOSE THE TERMINAL.
2019-09-14 03:48:59  INFO   ConsoleMessage:20  Service is running... Service No : 1 Progress : 19% DO NOT CLOSE THE TERMINAL.
2019-09-14 03:49:04  INFO   ConsoleMessage:20  Service is running... Service No : 1 Progress : 20% DO NOT CLOSE THE TERMINAL.
2019-09-14 03:49:09  INFO   ConsoleMessage:20  Service is running... Service No : 1 Progress : 21% DO NOT CLOSE THE TERMINAL.
2019-09-14 03:49:14  INFO   ConsoleMessage:20  Service is running... Service No : 1 Progress : 22% DO NOT CLOSE THE TERMINAL.
2019-09-14 03:49:19  INFO   ConsoleMessage:20  Service is running... Service No : 1 Progress : 23% DO NOT CLOSE THE TERMINAL.
2019-09-14 03:49:24  INFO   ConsoleMessage:20  Service is running... Service No : 1 Progress : 24% DO NOT CLOSE THE TERMINAL.
2019-09-14 03:49:29  INFO   ConsoleMessage:20  Service is running... Service No : 1 Progress : 25% DO NOT CLOSE THE TERMINAL.
2019-09-14 03:49:34  INFO   ConsoleMessage:20  Service is running... Service No : 1 Progress : 26% DO NOT CLOSE THE TERMINAL.
2019-09-14 03:49:39  INFO   ConsoleMessage:20  Service is running... Service No : 1 Progress : 27% DO NOT CLOSE THE TERMINAL.
2019-09-14 03:49:43  INFO   Controller:37  Downloading is started.
2019-09-14 03:49:43  INFO   FileDetectorService:29  Started detecting file path for downloading
2019-09-14 03:49:43  INFO   FileDetectorService:30  Found path : T:\DB 2 tutoriels
2019-09-14 03:49:44  INFO   Controller:43  35 files found.
2019-09-14 03:49:44  INFO   Controller:44  Creating a zip file out of 35 files.
2019-09-14 03:49:44  INFO   ConsoleMessage:20  Service is running... Service No : 1 Progress : 28% DO NOT CLOSE THE TERMINAL.
2019-09-14 03:49:49  INFO   ConsoleMessage:20  Service is running... Service No : 1 Progress : 29% DO NOT CLOSE THE TERMINAL.
2019-09-14 03:49:53  INFO   Controller:37  Downloading is started.
2019-09-14 03:49:53  INFO   FileDetectorService:29  Started detecting file path for downloading
2019-09-14 03:49:53  INFO   FileDetectorService:30  Found path : T:\DB 2 tutoriels
2019-09-14 03:49:53  INFO   Controller:43  35 files found.
2019-09-14 03:49:53  INFO   Controller:44  Creating a zip file out of 35 files.
2019-09-14 03:49:53  INFO   Controller:37  Downloading is started.
2019-09-14 03:49:53  INFO   FileDetectorService:29  Started detecting file path for downloading
2019-09-14 03:49:53  INFO   FileDetectorService:30  Found path : T:\DB 2 tutoriels
2019-09-14 03:49:53  INFO   Controller:43  35 files found.
2019-09-14 03:49:53  INFO   Controller:44  Creating a zip file out of 35 files.
2019-09-14 03:49:54  INFO   ConsoleMessage:20  Service is running... Service No : 1 Progress : 30% DO NOT CLOSE THE TERMINAL.
2019-09-14 03:49:59  INFO   ConsoleMessage:20  Service is running... Service No : 1 Progress : 31% DO NOT CLOSE THE TERMINAL.
2019-09-14 03:50:04  INFO   ConsoleMessage:20  Service is running... Service No : 1 Progress : 32% DO NOT CLOSE THE TERMINAL.
2019-09-14 03:50:09  INFO   ConsoleMessage:20  Service is running... Service No : 1 Progress : 33% DO NOT CLOSE THE TERMINAL.
2019-09-14 03:50:14  INFO   ConsoleMessage:20  Service is running... Service No : 1 Progress : 34% DO NOT CLOSE THE TERMINAL.
2019-09-14 03:50:19  INFO   ConsoleMessage:20  Service is running... Service No : 1 Progress : 35% DO NOT CLOSE THE TERMINAL.
2019-09-14 03:50:24  INFO   ConsoleMessage:20  Service is running... Service No : 1 Progress : 36% DO NOT CLOSE THE TERMINAL.
2019-09-14 03:50:29  INFO   ConsoleMessage:20  Service is running... Service No : 1 Progress : 37% DO NOT CLOSE THE TERMINAL.
2019-09-14 03:50:34  INFO   ConsoleMessage:20  Service is running... Service No : 1 Progress : 38% DO NOT CLOSE THE TERMINAL.
2019-09-14 03:50:39  INFO   ConsoleMessage:20  Service is running... Service No : 1 Progress : 39% DO NOT CLOSE THE TERMINAL.
2019-09-14 03:50:44  INFO   ConsoleMessage:20  Service is running... Service No : 1 Progress : 40% DO NOT CLOSE THE TERMINAL.
2019-09-14 03:50:49  INFO   ConsoleMessage:20  Service is running... Service No : 1 Progress : 41% DO NOT CLOSE THE TERMINAL.
2019-09-14 03:50:54  INFO   ConsoleMessage:20  Service is running... Service No : 1 Progress : 42% DO NOT CLOSE THE TERMINAL.
2019-09-14 03:50:59  INFO   ConsoleMessage:20  Service is running... Service No : 1 Progress : 43% DO NOT CLOSE THE TERMINAL.
2019-09-14 03:51:04  INFO   ConsoleMessage:20  Service is running... Service No : 1 Progress : 44% DO NOT CLOSE THE TERMINAL.
2019-09-14 03:51:09  INFO   ConsoleMessage:20  Service is running... Service No : 1 Progress : 45% DO NOT CLOSE THE TERMINAL.
2019-09-14 03:51:14  INFO   ConsoleMessage:20  Service is running... Service No : 1 Progress : 46% DO NOT CLOSE THE TERMINAL.
2019-09-14 03:51:19  INFO   ConsoleMessage:20  Service is running... Service No : 1 Progress : 47% DO NOT CLOSE THE TERMINAL.
2019-09-14 03:51:24  INFO   ConsoleMessage:20  Service is running... Service No : 1 Progress : 48% DO NOT CLOSE THE TERMINAL.
2019-09-14 03:51:29  INFO   ConsoleMessage:20  Service is running... Service No : 1 Progress : 49% DO NOT CLOSE THE TERMINAL.
2019-09-14 03:51:34  INFO   ConsoleMessage:20  Service is running... Service No : 1 Progress : 50% DO NOT CLOSE THE TERMINAL.
2019-09-14 03:51:39  INFO   ConsoleMessage:20  Service is running... Service No : 1 Progress : 51% DO NOT CLOSE THE TERMINAL.
2019-09-14 03:51:44  INFO   ConsoleMessage:20  Service is running... Service No : 1 Progress : 52% DO NOT CLOSE THE TERMINAL.
2019-09-14 03:51:49  INFO   ConsoleMessage:20  Service is running... Service No : 1 Progress : 53% DO NOT CLOSE THE TERMINAL.
2019-09-14 03:51:54  INFO   ConsoleMessage:20  Service is running... Service No : 1 Progress : 54% DO NOT CLOSE THE TERMINAL.
2019-09-14 03:51:59  INFO   ConsoleMessage:20  Service is running... Service No : 1 Progress : 55% DO NOT CLOSE THE TERMINAL.
2019-09-14 03:52:04  INFO   ConsoleMessage:20  Service is running... Service No : 1 Progress : 56% DO NOT CLOSE THE TERMINAL.
2019-09-14 03:52:09  INFO   ConsoleMessage:20  Service is running... Service No : 1 Progress : 57% DO NOT CLOSE THE TERMINAL.
2019-09-14 03:52:14  INFO   ConsoleMessage:20  Service is running... Service No : 1 Progress : 58% DO NOT CLOSE THE TERMINAL.
2019-09-14 03:52:19  INFO   ConsoleMessage:20  Service is running... Service No : 1 Progress : 59% DO NOT CLOSE THE TERMINAL.
2019-09-14 03:52:24  INFO   ConsoleMessage:20  Service is running... Service No : 1 Progress : 60% DO NOT CLOSE THE TERMINAL.
2019-09-14 03:52:29  INFO   ConsoleMessage:20  Service is running... Service No : 1 Progress : 61% DO NOT CLOSE THE TERMINAL.
2019-09-14 03:52:34  INFO   ConsoleMessage:20  Service is running... Service No : 1 Progress : 62% DO NOT CLOSE THE TERMINAL.
2019-09-14 03:53:38  INFO   App:20  App started
2019-09-14 03:53:38  INFO   App:21  Service providing stated
2019-09-14 03:53:38  INFO   ConsoleMessage:20  Service is running... Service No : 1 Progress : 1% DO NOT CLOSE THE TERMINAL.
2019-09-14 03:53:43  INFO   ConsoleMessage:20  Service is running... Service No : 1 Progress : 2% DO NOT CLOSE THE TERMINAL.
2019-09-14 03:53:48  INFO   ConsoleMessage:20  Service is running... Service No : 1 Progress : 3% DO NOT CLOSE THE TERMINAL.
2019-09-14 03:53:53  INFO   ConsoleMessage:20  Service is running... Service No : 1 Progress : 4% DO NOT CLOSE THE TERMINAL.
2019-09-14 03:53:58  INFO   ConsoleMessage:20  Service is running... Service No : 1 Progress : 5% DO NOT CLOSE THE TERMINAL.
2019-09-14 03:54:03  INFO   ConsoleMessage:20  Service is running... Service No : 1 Progress : 6% DO NOT CLOSE THE TERMINAL.
2019-09-14 03:54:08  INFO   ConsoleMessage:20  Service is running... Service No : 1 Progress : 7% DO NOT CLOSE THE TERMINAL.
2019-09-14 03:54:13  INFO   ConsoleMessage:20  Service is running... Service No : 1 Progress : 8% DO NOT CLOSE THE TERMINAL.
2019-09-14 03:54:18  INFO   ConsoleMessage:20  Service is running... Service No : 1 Progress : 9% DO NOT CLOSE THE TERMINAL.
2019-09-14 03:54:38  INFO   App:20  App started
2019-09-14 03:54:38  INFO   App:21  Service providing stated
2019-09-14 03:54:38  INFO   ConsoleMessage:20  Service is running... Service No : 1 Progress : 1% DO NOT CLOSE THE TERMINAL.
2019-09-14 03:54:43  INFO   ConsoleMessage:20  Service is running... Service No : 1 Progress : 2% DO NOT CLOSE THE TERMINAL.
2019-09-14 03:54:47  DEBUG  Controller:31  Home page successful.
2019-09-14 03:54:48  INFO   ConsoleMessage:20  Service is running... Service No : 1 Progress : 3% DO NOT CLOSE THE TERMINAL.
2019-09-14 03:54:53  INFO   ConsoleMessage:20  Service is running... Service No : 1 Progress : 4% DO NOT CLOSE THE TERMINAL.
2019-09-14 03:54:58  INFO   ConsoleMessage:20  Service is running... Service No : 1 Progress : 5% DO NOT CLOSE THE TERMINAL.
2019-09-14 03:55:03  INFO   ConsoleMessage:20  Service is running... Service No : 1 Progress : 6% DO NOT CLOSE THE TERMINAL.
2019-09-14 03:55:08  INFO   ConsoleMessage:20  Service is running... Service No : 1 Progress : 7% DO NOT CLOSE THE TERMINAL.
2019-09-14 03:55:13  INFO   ConsoleMessage:20  Service is running... Service No : 1 Progress : 8% DO NOT CLOSE THE TERMINAL.
2019-09-14 03:55:17  INFO   Controller:37  Downloading is started.
2019-09-14 03:55:17  INFO   FileDetectorService:29  Detecting file path!
2019-09-14 03:55:17  INFO   FileDetectorService:30  Copping files from  : T:\ESLint
2019-09-14 03:55:17  INFO   Controller:43  4 files found.
2019-09-14 03:55:17  INFO   Controller:44  Creating a zip file out of 4 files.
2019-09-14 03:55:18  INFO   ConsoleMessage:20  Service is running... Service No : 1 Progress : 9% DO NOT CLOSE THE TERMINAL.
2019-09-14 03:55:23  INFO   ConsoleMessage:20  Service is running... Service No : 1 Progress : 10% DO NOT CLOSE THE TERMINAL.
2019-09-14 03:55:28  INFO   ConsoleMessage:20  Service is running... Service No : 1 Progress : 11% DO NOT CLOSE THE TERMINAL.
2019-09-14 03:55:33  INFO   ConsoleMessage:20  Service is running... Service No : 1 Progress : 12% DO NOT CLOSE THE TERMINAL.
2019-09-14 03:55:38  INFO   ConsoleMessage:20  Service is running... Service No : 1 Progress : 13% DO NOT CLOSE THE TERMINAL.
2019-09-14 03:55:43  INFO   ConsoleMessage:20  Service is running... Service No : 1 Progress : 14% DO NOT CLOSE THE TERMINAL.
2019-09-14 03:55:48  INFO   ConsoleMessage:20  Service is running... Service No : 1 Progress : 15% DO NOT CLOSE THE TERMINAL.
2019-09-14 03:55:53  INFO   ConsoleMessage:20  Service is running... Service No : 1 Progress : 16% DO NOT CLOSE THE TERMINAL.
2019-09-14 03:55:58  INFO   ConsoleMessage:20  Service is running... Service No : 1 Progress : 17% DO NOT CLOSE THE TERMINAL.
2019-09-14 03:56:01  INFO   Controller:37  Downloading is started.
2019-09-14 03:56:01  INFO   FileDetectorService:29  Detecting file path!
2019-09-14 03:56:01  INFO   FileDetectorService:30  Copping files from  : T:\ESLint
2019-09-14 03:56:01  INFO   Controller:43  4 files found.
2019-09-14 03:56:01  INFO   Controller:44  Creating a zip file out of 4 files.
2019-09-14 03:56:01  INFO   Controller:37  Downloading is started.
2019-09-14 03:56:01  INFO   FileDetectorService:29  Detecting file path!
2019-09-14 03:56:01  INFO   FileDetectorService:30  Copping files from  : T:\ESLint
2019-09-14 03:56:01  INFO   Controller:43  4 files found.
2019-09-14 03:56:01  INFO   Controller:44  Creating a zip file out of 4 files.
2019-09-14 03:56:03  INFO   ConsoleMessage:20  Service is running... Service No : 1 Progress : 18% DO NOT CLOSE THE TERMINAL.
2019-09-14 03:56:08  INFO   ConsoleMessage:20  Service is running... Service No : 1 Progress : 19% DO NOT CLOSE THE TERMINAL.
2019-09-14 03:56:13  INFO   ConsoleMessage:20  Service is running... Service No : 1 Progress : 20% DO NOT CLOSE THE TERMINAL.
2019-09-14 03:56:18  INFO   ConsoleMessage:20  Service is running... Service No : 1 Progress : 21% DO NOT CLOSE THE TERMINAL.
2019-09-14 03:56:23  INFO   ConsoleMessage:20  Service is running... Service No : 1 Progress : 22% DO NOT CLOSE THE TERMINAL.
2019-09-14 03:56:28  INFO   Controller:58  Downloading finalized
2019-09-14 03:56:28  INFO   ConsoleMessage:20  Service is running... Service No : 1 Progress : 23% DO NOT CLOSE THE TERMINAL.
2019-09-14 03:56:33  INFO   ConsoleMessage:20  Service is running... Service No : 1 Progress : 24% DO NOT CLOSE THE TERMINAL.
2019-09-14 03:56:38  INFO   ConsoleMessage:20  Service is running... Service No : 1 Progress : 25% DO NOT CLOSE THE TERMINAL.
2019-09-14 03:56:43  INFO   ConsoleMessage:20  Service is running... Service No : 1 Progress : 26% DO NOT CLOSE THE TERMINAL.
2019-09-14 03:56:48  INFO   ConsoleMessage:20  Service is running... Service No : 1 Progress : 27% DO NOT CLOSE THE TERMINAL.
2019-09-14 03:56:53  INFO   ConsoleMessage:20  Service is running... Service No : 1 Progress : 28% DO NOT CLOSE THE TERMINAL.
2019-09-14 03:56:58  INFO   ConsoleMessage:20  Service is running... Service No : 1 Progress : 29% DO NOT CLOSE THE TERMINAL.
2019-09-14 03:57:03  INFO   ConsoleMessage:20  Service is running... Service No : 1 Progress : 30% DO NOT CLOSE THE TERMINAL.
2019-09-14 03:57:08  INFO   ConsoleMessage:20  Service is running... Service No : 1 Progress : 31% DO NOT CLOSE THE TERMINAL.
2019-09-14 03:57:13  INFO   ConsoleMessage:20  Service is running... Service No : 1 Progress : 32% DO NOT CLOSE THE TERMINAL.
2019-09-14 03:57:18  INFO   ConsoleMessage:20  Service is running... Service No : 1 Progress : 33% DO NOT CLOSE THE TERMINAL.
2019-09-14 03:57:23  INFO   ConsoleMessage:20  Service is running... Service No : 1 Progress : 34% DO NOT CLOSE THE TERMINAL.
2019-09-14 03:57:28  INFO   ConsoleMessage:20  Service is running... Service No : 1 Progress : 35% DO NOT CLOSE THE TERMINAL.
2019-09-14 03:57:33  INFO   ConsoleMessage:20  Service is running... Service No : 1 Progress : 36% DO NOT CLOSE THE TERMINAL.
2019-09-14 03:57:38  INFO   ConsoleMessage:20  Service is running... Service No : 1 Progress : 37% DO NOT CLOSE THE TERMINAL.
2019-09-14 03:58:06  INFO   App:20  App started
2019-09-14 03:58:06  INFO   App:21  Service providing stated
2019-09-14 03:58:06  INFO   ConsoleMessage:20  Service is running... Service No : 1 Progress : 1% DO NOT CLOSE THE TERMINAL.
2019-09-14 03:58:11  INFO   ConsoleMessage:20  Service is running... Service No : 1 Progress : 2% DO NOT CLOSE THE TERMINAL.
2019-09-14 03:58:16  INFO   ConsoleMessage:20  Service is running... Service No : 1 Progress : 3% DO NOT CLOSE THE TERMINAL.
2019-09-14 03:58:21  INFO   ConsoleMessage:20  Service is running... Service No : 1 Progress : 4% DO NOT CLOSE THE TERMINAL.
2019-09-14 03:58:26  INFO   ConsoleMessage:20  Service is running... Service No : 1 Progress : 5% DO NOT CLOSE THE TERMINAL.
2019-09-14 03:58:31  INFO   ConsoleMessage:20  Service is running... Service No : 1 Progress : 6% DO NOT CLOSE THE TERMINAL.
2019-09-14 03:58:36  INFO   ConsoleMessage:20  Service is running... Service No : 1 Progress : 7% DO NOT CLOSE THE TERMINAL.
2019-09-14 03:58:41  INFO   ConsoleMessage:20  Service is running... Service No : 1 Progress : 8% DO NOT CLOSE THE TERMINAL.
2019-09-14 03:58:46  INFO   ConsoleMessage:20  Service is running... Service No : 1 Progress : 9% DO NOT CLOSE THE TERMINAL.
2019-09-14 03:58:51  INFO   ConsoleMessage:20  Service is running... Service No : 1 Progress : 10% DO NOT CLOSE THE TERMINAL.
2019-09-14 03:58:56  INFO   ConsoleMessage:20  Service is running... Service No : 1 Progress : 11% DO NOT CLOSE THE TERMINAL.
2019-09-14 03:59:01  INFO   ConsoleMessage:20  Service is running... Service No : 1 Progress : 12% DO NOT CLOSE THE TERMINAL.
2019-09-14 03:59:06  INFO   ConsoleMessage:20  Service is running... Service No : 1 Progress : 13% DO NOT CLOSE THE TERMINAL.
2019-09-14 03:59:11  INFO   ConsoleMessage:20  Service is running... Service No : 1 Progress : 14% DO NOT CLOSE THE TERMINAL.
2019-09-14 03:59:16  INFO   ConsoleMessage:20  Service is running... Service No : 1 Progress : 15% DO NOT CLOSE THE TERMINAL.
2019-09-14 03:59:21  INFO   ConsoleMessage:20  Service is running... Service No : 1 Progress : 16% DO NOT CLOSE THE TERMINAL.
2019-09-14 03:59:24  DEBUG  Controller:31  Home page successful.
2019-09-14 03:59:26  INFO   ConsoleMessage:20  Service is running... Service No : 1 Progress : 17% DO NOT CLOSE THE TERMINAL.
2019-09-14 03:59:31  INFO   ConsoleMessage:20  Service is running... Service No : 1 Progress : 18% DO NOT CLOSE THE TERMINAL.
2019-09-14 03:59:36  INFO   ConsoleMessage:20  Service is running... Service No : 1 Progress : 19% DO NOT CLOSE THE TERMINAL.
2019-09-14 03:59:41  INFO   ConsoleMessage:20  Service is running... Service No : 1 Progress : 20% DO NOT CLOSE THE TERMINAL.
2019-09-14 03:59:44  INFO   Controller:37  Download is started.
2019-09-14 03:59:44  INFO   FileDetectorService:29  Detecting file path!
2019-09-14 03:59:44  INFO   FileDetectorService:30  Copping files from  : T:\ESLint
2019-09-14 03:59:44  INFO   Controller:43  4 files found.
2019-09-14 03:59:44  INFO   Controller:44  Creating a zip file out of 4 files.
2019-09-14 03:59:45  INFO   Controller:37  Download is started.
2019-09-14 03:59:45  INFO   FileDetectorService:29  Detecting file path!
2019-09-14 03:59:45  INFO   FileDetectorService:30  Copping files from  : T:\ESLint
2019-09-14 03:59:45  INFO   Controller:43  4 files found.
2019-09-14 03:59:45  INFO   Controller:44  Creating a zip file out of 4 files.
2019-09-14 03:59:46  INFO   ConsoleMessage:20  Service is running... Service No : 1 Progress : 21% DO NOT CLOSE THE TERMINAL.
2019-09-14 03:59:51  INFO   ConsoleMessage:20  Service is running... Service No : 1 Progress : 22% DO NOT CLOSE THE TERMINAL.
2019-09-14 03:59:56  INFO   ConsoleMessage:20  Service is running... Service No : 1 Progress : 23% DO NOT CLOSE THE TERMINAL.
2019-09-14 04:00:01  INFO   ConsoleMessage:20  Service is running... Service No : 1 Progress : 24% DO NOT CLOSE THE TERMINAL.
2019-09-14 04:00:06  INFO   ConsoleMessage:20  Service is running... Service No : 1 Progress : 25% DO NOT CLOSE THE TERMINAL.
2019-09-14 04:00:11  INFO   ConsoleMessage:20  Service is running... Service No : 1 Progress : 26% DO NOT CLOSE THE TERMINAL.
2019-09-14 04:00:16  INFO   ConsoleMessage:20  Service is running... Service No : 1 Progress : 27% DO NOT CLOSE THE TERMINAL.
2019-09-14 04:00:17  INFO   Controller:58  Download finalized!
2019-09-14 04:00:21  INFO   ConsoleMessage:20  Service is running... Service No : 1 Progress : 28% DO NOT CLOSE THE TERMINAL.
2019-09-14 04:00:26  INFO   ConsoleMessage:20  Service is running... Service No : 1 Progress : 29% DO NOT CLOSE THE TERMINAL.
2019-09-14 04:00:31  INFO   ConsoleMessage:20  Service is running... Service No : 1 Progress : 30% DO NOT CLOSE THE TERMINAL.
2019-09-14 04:00:36  INFO   ConsoleMessage:20  Service is running... Service No : 1 Progress : 31% DO NOT CLOSE THE TERMINAL.
2019-09-14 04:00:41  INFO   ConsoleMessage:20  Service is running... Service No : 1 Progress : 32% DO NOT CLOSE THE TERMINAL.
2019-09-14 04:00:46  INFO   ConsoleMessage:20  Service is running... Service No : 1 Progress : 33% DO NOT CLOSE THE TERMINAL.
2019-09-14 04:00:51  INFO   ConsoleMessage:20  Service is running... Service No : 1 Progress : 34% DO NOT CLOSE THE TERMINAL.
2019-09-14 04:00:56  INFO   ConsoleMessage:20  Service is running... Service No : 1 Progress : 35% DO NOT CLOSE THE TERMINAL.
2019-09-14 04:01:01  INFO   ConsoleMessage:20  Service is running... Service No : 1 Progress : 36% DO NOT CLOSE THE TERMINAL.
2019-09-14 04:01:06  INFO   ConsoleMessage:20  Service is running... Service No : 1 Progress : 37% DO NOT CLOSE THE TERMINAL.
2019-09-14 04:01:11  INFO   ConsoleMessage:20  Service is running... Service No : 1 Progress : 38% DO NOT CLOSE THE TERMINAL.
2019-09-14 04:01:16  INFO   ConsoleMessage:20  Service is running... Service No : 1 Progress : 39% DO NOT CLOSE THE TERMINAL.
2019-09-14 04:01:21  INFO   ConsoleMessage:20  Service is running... Service No : 1 Progress : 40% DO NOT CLOSE THE TERMINAL.
2019-09-14 04:01:26  INFO   ConsoleMessage:20  Service is running... Service No : 1 Progress : 41% DO NOT CLOSE THE TERMINAL.
2019-09-14 04:01:31  INFO   ConsoleMessage:20  Service is running... Service No : 1 Progress : 42% DO NOT CLOSE THE TERMINAL.
2019-09-14 04:01:36  INFO   ConsoleMessage:20  Service is running... Service No : 1 Progress : 43% DO NOT CLOSE THE TERMINAL.
2019-09-14 04:01:41  INFO   ConsoleMessage:20  Service is running... Service No : 1 Progress : 44% DO NOT CLOSE THE TERMINAL.
2019-09-14 04:01:46  INFO   ConsoleMessage:20  Service is running... Service No : 1 Progress : 45% DO NOT CLOSE THE TERMINAL.
2019-09-14 04:01:51  INFO   ConsoleMessage:20  Service is running... Service No : 1 Progress : 46% DO NOT CLOSE THE TERMINAL.
2019-09-14 04:01:56  INFO   ConsoleMessage:20  Service is running... Service No : 1 Progress : 47% DO NOT CLOSE THE TERMINAL.
2019-09-14 04:02:01  INFO   ConsoleMessage:20  Service is running... Service No : 1 Progress : 48% DO NOT CLOSE THE TERMINAL.
2019-09-14 04:02:06  INFO   ConsoleMessage:20  Service is running... Service No : 1 Progress : 49% DO NOT CLOSE THE TERMINAL.
